<?xml version="1.0" encoding="UTF-8"?>
<!-- Generated by org.testng.reporters.JUnitXMLReporter -->
<testsuite ignored="2" hostname="DESKTOP-6395PMF" failures="0" tests="1" name="Default test" time="6.499" errors="0" timestamp="2021-04-11T12:46:11 IST">
  <testcase classname="testcases.Scenario_1" name="scenario_3" time="1.748"/>
  <testcase classname="testcases.Scenario_1" name="scenario_2" time="0.0">
    <ignored/>
  </testcase> <!-- scenario_2 -->
  <testcase classname="testcases.Scenario_1" name="scenario_1" time="0.0">
    <ignored/>
  </testcase> <!-- scenario_1 -->
</testsuite> <!-- Default test -->
